1
PathInfo(nodes=[1, 0], edges=[0], costs=[0], total_cost=0)
PathInfo(nodes=[1, 2, 0], edges=[1, 1], costs=[1, 1], total_cost=2)
PathInfo(nodes=[1, 2, 0], edges=[0, 0], costs=[0, 0], total_cost=0)
PathInfo(nodes=[1, 0], edges=[0], costs=[0], total_cost=0)
PathInfo(nodes=[1, 4, 5, 0], edges=[0, 1, 1], costs=[0, 1, 1], total_cost=2)
PathInfo(nodes=[1, 3, 2, 6, 0], edges=[0, 0, 0, 1], costs=[0, 0, 0, 1], total_cost=1)
PathInfo(nodes=[1, 2, 4, 0], edges=[0, 0, 0], costs=[0, 0, 0], total_cost=0)
PathInfo(nodes=[1, 2, 3, 4, 5, 6, 7, 8, 0], edges=[1, 1, 1, 1, 1, 1, 1, 1], costs=[1, 1, 1, 1, 1, 1, 1, 1], total_cost=8)
PathInfo(nodes=[1, 0], edges=[0], costs=[0], total_cost=0)
PathInfo(nodes=[1, 10, 0], edges=[0, 1], costs=[0, 1], total_cost=1)
PathInfo(nodes=[1, 10, 11, 0], edges=[0, 1, 1], costs=[0, 1, 1], total_cost=2)
PathInfo(nodes=[1, 10, 9, 12, 0], edges=[0, 0, 0, 1], costs=[0, 0, 0, 1], total_cost=1)
PathInfo(nodes=[1, 10, 2, 6, 7, 0], edges=[0, 0, 0, 1, 0], costs=[0, 0, 0, 1, 0], total_cost=1)
PathInfo(nodes=[1, 2, 3, 0], edges=[1, 1, 0], costs=[1, 1, 0], total_cost=2)
PathInfo(nodes=[1, 10, 4, 8, 0], edges=[0, 0, 0, 0], costs=[0, 0, 0, 0], total_cost=0)
PathInfo(nodes=[1, 10, 15, 14, 4, 6, 9, 5, 16, 0], edges=[0, 0, 0, 0, 0, 0, 0, 0, 1], costs=[0, 0, 0, 0, 0, 0, 0, 0, 1], total_cost=1)
PathInfo(nodes=[1, 10, 11, 12, 13, 14, 15, 16, 17, 0], edges=[0, 1, 1, 1, 1, 1, 1, 1, 1], costs=[0, 1, 1, 1, 1, 1, 1, 1, 1], total_cost=8)
PathInfo(nodes=[1, 10, 5, 12, 6, 3, 11, 15, 17, 18, 0], edges=[0, 0, 0, 0, 0, 0, 0, 0, 0, 1], costs=[0, 0, 0, 0, 0, 0, 0, 0, 0, 1], total_cost=1)
PathInfo(nodes=[1, 10, 0], edges=[0, 0], costs=[0, 0], total_cost=0)
PathInfo(nodes=[1, 10, 16, 13, 4, 19, 20, 0], edges=[0, 0, 0, 0, 0, 1, 1], costs=[0, 0, 0, 0, 0, 1, 1], total_cost=2)
PathInfo(nodes=[1, 10, 11, 0], edges=[0, 1, 0], costs=[0, 1, 0], total_cost=1)
PathInfo(nodes=[1, 10, 8, 11, 18, 19, 6, 14, 2, 20, 16, 22, 0], edges=[0, 0, 0, 0, 0, 0, 0, 0, 0, 0, 0, 1], costs=[0, 0, 0, 0, 0, 0, 0, 0, 0, 0, 0, 1], total_cost=1)
PathInfo(nodes=[1, 10, 11, 12, 0], edges=[0, 1, 1, 0], costs=[0, 1, 1, 0], total_cost=2)
PathInfo(nodes=[1, 10, 0], edges=[0, 0], costs=[0, 0], total_cost=0)
PathInfo(nodes=[1, 10, 22, 12, 13, 0], edges=[0, 0, 0, 1, 0], costs=[0, 0, 0, 1, 0], total_cost=1)
PathInfo(nodes=[1, 10, 19, 20, 21, 22, 23, 24, 25, 26, 0], edges=[0, 0, 1, 1, 1, 1, 1, 1, 1, 1], costs=[0, 0, 1, 1, 1, 1, 1, 1, 1, 1], total_cost=8)
PathInfo(nodes=[1, 10, 16, 20, 21, 14, 0], edges=[0, 0, 0, 1, 0, 0], costs=[0, 0, 0, 1, 0, 0], total_cost=1)
PathInfo(nodes=[1, 10, 13, 14, 24, 8, 22, 17, 25, 18, 6, 2, 20, 26, 28, 0], edges=[0, 0, 0, 0, 0, 0, 0, 0, 0, 0, 0, 0, 0, 0, 1], costs=[0, 0, 0, 0, 0, 0, 0, 0, 0, 0, 0, 0, 0, 0, 1], total_cost=1)
PathInfo(nodes=[1, 2, 3, 0], edges=[1, 1, 0], costs=[1, 1, 0], total_cost=2)
PathInfo(nodes=[1, 10, 7, 8, 18, 25, 2, 3, 30, 0], edges=[0, 0, 0, 0, 0, 0, 1, 0, 1], costs=[0, 0, 0, 0, 0, 0, 1, 0, 1], total_cost=2)
PathInfo(nodes=[1, 10, 4, 8, 16, 0], edges=[0, 0, 0, 0, 0], costs=[0, 0, 0, 0, 0], total_cost=0)
PathInfo(nodes=[1, 2, 3, 30, 31, 32, 0], edges=[1, 1, 0, 1, 1, 1], costs=[1, 1, 0, 1, 1, 1], total_cost=5)
PathInfo(nodes=[1, 10, 32, 14, 4, 6, 26, 22, 16, 17, 0], edges=[0, 0, 0, 0, 0, 0, 0, 0, 1, 0], costs=[0, 0, 0, 0, 0, 0, 0, 0, 1, 0], total_cost=1)
PathInfo(nodes=[1, 10, 30, 20, 21, 0], edges=[0, 0, 0, 1, 0], costs=[0, 0, 0, 1, 0], total_cost=1)
PathInfo(nodes=[1, 10, 28, 29, 30, 31, 32, 33, 34, 35, 0], edges=[0, 0, 1, 1, 1, 1, 1, 1, 1, 1], costs=[0, 0, 1, 1, 1, 1, 1, 1, 1, 1], total_cost=8)
PathInfo(nodes=[1, 10, 11, 36, 0], edges=[0, 1, 0, 1], costs=[0, 1, 0, 1], total_cost=2)
PathInfo(nodes=[1, 10, 24, 12, 6, 22, 30, 34, 36, 18, 19, 0], edges=[0, 0, 0, 0, 0, 0, 0, 0, 0, 1, 0], costs=[0, 0, 0, 0, 0, 0, 0, 0, 0, 1, 0], total_cost=1)
PathInfo(nodes=[1, 10, 22, 23, 35, 38, 0], edges=[0, 0, 1, 0, 0, 1], costs=[0, 0, 1, 0, 0, 1], total_cost=2)
PathInfo(nodes=[1, 10, 20, 0], edges=[0, 0, 0], costs=[0, 0, 0], total_cost=0)
PathInfo(nodes=[1, 10, 18, 16, 37, 38, 39, 40, 0], edges=[0, 0, 0, 0, 1, 1, 1, 1], costs=[0, 0, 0, 0, 1, 1, 1, 1], total_cost=4)
PathInfo(nodes=[1, 10, 16, 34, 4, 40, 41, 0], edges=[0, 0, 0, 0, 0, 1, 1], costs=[0, 0, 0, 0, 0, 1, 1], total_cost=2)
PathInfo(nodes=[1, 10, 14, 11, 24, 25, 35, 6, 17, 41, 42, 0], edges=[0, 0, 0, 0, 0, 0, 0, 0, 0, 1, 1], costs=[0, 0, 0, 0, 0, 0, 0, 0, 0, 1, 1], total_cost=2)
PathInfo(nodes=[1, 10, 11, 22, 0], edges=[0, 1, 0, 0], costs=[0, 1, 0, 0], total_cost=1)
PathInfo(nodes=[1, 2, 3, 4, 40, 41, 42, 43, 44, 0], edges=[1, 1, 1, 0, 1, 1, 1, 1, 1], costs=[1, 1, 1, 0, 1, 1, 1, 1, 1], total_cost=8)
PathInfo(nodes=[1, 10, 8, 34, 18, 42, 6, 14, 2, 20, 16, 22, 23, 0], edges=[0, 0, 0, 0, 0, 0, 0, 0, 0, 0, 0, 1, 0], costs=[0, 0, 0, 0, 0, 0, 0, 0, 0, 0, 0, 1, 0], total_cost=1)
PathInfo(nodes=[1, 10, 6, 13, 36, 31, 28, 45, 27, 35, 21, 22, 32, 38, 4, 40, 24, 5, 3, 30, 18, 39, 14, 46, 0], edges=[0, 0, 0, 0, 0, 0, 0, 0, 0, 0, 0, 0, 0, 0, 0, 0, 0, 0, 0, 0, 0, 0, 0, 1], costs=[0, 0, 0, 0, 0, 0, 0, 0, 0, 0, 0, 0, 0, 0, 0, 0, 0, 0, 0, 0, 0, 0, 0, 1], total_cost=1)
PathInfo(nodes=[1, 10, 11, 12, 24, 0], edges=[0, 1, 1, 0, 0], costs=[0, 1, 1, 0, 0], total_cost=2)
PathInfo(nodes=[1, 10, 2, 20, 4, 40, 8, 31, 16, 13, 32, 26, 15, 3, 30, 6, 11, 12, 22, 24, 44, 48, 0], edges=[0, 0, 0, 0, 0, 0, 0, 0, 0, 0, 0, 0, 0, 0, 0, 0, 0, 0, 0, 0, 0, 1], costs=[0, 0, 0, 0, 0, 0, 0, 0, 0, 0, 0, 0, 0, 0, 0, 0, 0, 0, 0, 0, 0, 1], total_cost=1)
PathInfo(nodes=[1, 10, 0], edges=[0, 0], costs=[0, 0], total_cost=0)
PathInfo(nodes=[1, 10, 49, 50, 0], edges=[0, 0, 1, 1], costs=[0, 0, 1, 1], total_cost=2)
PathInfo(nodes=[1, 10, 48, 12, 13, 26, 0], edges=[0, 0, 0, 1, 0, 0], costs=[0, 0, 0, 1, 0, 0], total_cost=1)
PathInfo(nodes=[1, 10, 47, 46, 36, 37, 52, 0], edges=[0, 0, 0, 0, 1, 0, 1], costs=[0, 0, 0, 0, 1, 0, 1], total_cost=2)
PathInfo(nodes=[1, 10, 46, 47, 48, 49, 50, 51, 52, 53, 0], edges=[0, 0, 1, 1, 1, 1, 1, 1, 1, 1], costs=[0, 0, 1, 1, 1, 1, 1, 1, 1, 1], total_cost=8)
PathInfo(nodes=[1, 10, 11, 0], edges=[0, 1, 0], costs=[0, 1, 0], total_cost=1)
PathInfo(nodes=[1, 10, 44, 48, 49, 42, 28, 0], edges=[0, 0, 0, 1, 0, 0, 0], costs=[0, 0, 0, 1, 0, 0, 0], total_cost=1)
PathInfo(nodes=[1, 10, 43, 31, 25, 22, 49, 34, 55, 56, 0], edges=[0, 0, 0, 0, 0, 0, 0, 0, 1, 1], costs=[0, 0, 0, 0, 0, 0, 0, 0, 1, 1], total_cost=2)
PathInfo(nodes=[1, 10, 42, 14, 24, 8, 22, 46, 54, 18, 6, 2, 20, 26, 28, 29, 0], edges=[0, 0, 0, 0, 0, 0, 0, 0, 0, 0, 0, 0, 0, 0, 1, 0], costs=[0, 0, 0, 0, 0, 0, 0, 0, 0, 0, 0, 0, 0, 0, 1, 0], total_cost=1)
PathInfo(nodes=[1, 10, 41, 56, 29, 54, 9, 31, 15, 32, 25, 14, 22, 43, 17, 52, 48, 8, 21, 33, 35, 55, 19, 13, 12, 2, 20, 23, 53, 58, 0], edges=[0, 0, 0, 0, 0, 0, 0, 0, 0, 0, 0, 0, 0, 0, 0, 0, 0, 0, 0, 0, 0, 0, 0, 0, 0, 0, 0, 0, 0, 1], costs=[0, 0, 0, 0, 0, 0, 0, 0, 0, 0, 0, 0, 0, 0, 0, 0, 0, 0, 0, 0, 0, 0, 0, 0, 0, 0, 0, 0, 0, 1], total_cost=1)
PathInfo(nodes=[1, 10, 11, 12, 0], edges=[0, 1, 1, 0], costs=[0, 1, 1, 0], total_cost=2)
PathInfo(nodes=[1, 10, 39, 24, 57, 21, 27, 26, 16, 38, 14, 18, 58, 31, 5, 50, 12, 59, 41, 44, 13, 8, 19, 7, 9, 29, 46, 33, 25, 6, 60, 0], edges=[0, 0, 0, 0, 0, 0, 0, 0, 0, 0, 0, 0, 0, 0, 0, 0, 0, 0, 0, 0, 0, 0, 0, 0, 0, 0, 0, 0, 0, 0, 1], costs=[0, 0, 0, 0, 0, 0, 0, 0, 0, 0, 0, 0, 0, 0, 0, 0, 0, 0, 0, 0, 0, 0, 0, 0, 0, 0, 0, 0, 0, 0, 1], total_cost=1)
PathInfo(nodes=[1, 10, 38, 8, 18, 56, 2, 3, 30, 31, 0], edges=[0, 0, 0, 0, 0, 0, 1, 0, 1, 0], costs=[0, 0, 0, 0, 0, 0, 1, 0, 1, 0], total_cost=2)
PathInfo(nodes=[1, 10, 37, 55, 56, 57, 58, 59, 60, 61, 62, 0], edges=[0, 0, 0, 1, 1, 1, 1, 1, 1, 1, 1], costs=[0, 0, 0, 1, 1, 1, 1, 1, 1, 1, 1], total_cost=8)
PathInfo(nodes=[1, 10, 36, 40, 16, 32, 0], edges=[0, 0, 0, 0, 0, 0], costs=[0, 0, 0, 0, 0, 0], total_cost=0)
PathInfo(nodes=[1, 10, 35, 25, 26, 0], edges=[0, 0, 0, 1, 0], costs=[0, 0, 0, 1, 0], total_cost=1)
PathInfo(nodes=[1, 10, 11, 12, 13, 64, 65, 0], edges=[0, 1, 1, 1, 0, 1, 1], costs=[0, 1, 1, 1, 0, 1, 1], total_cost=5)
PathInfo(nodes=[1, 10, 33, 62, 17, 36, 25, 49, 21, 9, 23, 29, 22, 19, 56, 24, 39, 55, 14, 6, 60, 64, 37, 35, 15, 16, 26, 59, 54, 4, 40, 65, 66, 0], edges=[0, 0, 0, 0, 0, 0, 0, 0, 0, 0, 0, 0, 0, 0, 0, 0, 0, 0, 0, 0, 0, 0, 0, 0, 0, 0, 0, 0, 0, 0, 0, 1, 1], costs=[0, 0, 0, 0, 0, 0, 0, 0, 0, 0, 0, 0, 0, 0, 0, 0, 0, 0, 0, 0, 0, 0, 0, 0, 0, 0, 0, 0, 0, 0, 0, 1, 1], total_cost=2)
PathInfo(nodes=[1, 10, 32, 48, 4, 40, 60, 56, 16, 17, 34, 0], edges=[0, 0, 0, 0, 0, 0, 0, 0, 1, 0, 0], costs=[0, 0, 0, 0, 0, 0, 0, 0, 1, 0, 0], total_cost=1)
PathInfo(nodes=[1, 10, 31, 34, 64, 19, 52, 37, 25, 43, 16, 22, 13, 61, 58, 28, 4, 40, 55, 67, 68, 0], edges=[0, 0, 0, 0, 0, 0, 0, 0, 0, 0, 0, 0, 0, 0, 0, 0, 0, 0, 0, 1, 1], costs=[0, 0, 0, 0, 0, 0, 0, 0, 0, 0, 0, 0, 0, 0, 0, 0, 0, 0, 0, 1, 1], total_cost=2)
PathInfo(nodes=[1, 10, 30, 20, 21, 0], edges=[0, 0, 0, 1, 0], costs=[0, 0, 0, 1, 0], total_cost=1)
PathInfo(nodes=[1, 10, 29, 6, 7, 70, 0], edges=[0, 0, 0, 1, 0, 1], costs=[0, 0, 0, 1, 0, 1], total_cost=2)
PathInfo(nodes=[1, 10, 28, 64, 65, 66, 67, 68, 69, 70, 71, 0], edges=[0, 0, 0, 1, 1, 1, 1, 1, 1, 1, 1], costs=[0, 0, 0, 1, 1, 1, 1, 1, 1, 1, 1], total_cost=8)
PathInfo(nodes=[1, 10, 27, 51, 72, 0], edges=[0, 0, 0, 0, 1], costs=[0, 0, 0, 0, 1], total_cost=1)
PathInfo(nodes=[1, 10, 11, 36, 37, 0], edges=[0, 1, 0, 1, 0], costs=[0, 1, 0, 1, 0], total_cost=2)
PathInfo(nodes=[1, 2, 3, 30, 0], edges=[1, 1, 0, 0], costs=[1, 1, 0, 0], total_cost=2)
PathInfo(nodes=[1, 10, 24, 12, 44, 60, 68, 72, 36, 56, 57, 38, 0], edges=[0, 0, 0, 0, 0, 0, 0, 0, 0, 1, 0, 0], costs=[0, 0, 0, 0, 0, 0, 0, 0, 0, 1, 0, 0], total_cost=1)
PathInfo(nodes=[1, 10, 23, 76, 0], edges=[0, 0, 0, 1], costs=[0, 0, 0, 1], total_cost=1)
PathInfo(nodes=[1, 10, 22, 23, 74, 38, 39, 0], edges=[0, 0, 1, 0, 0, 1, 0], costs=[0, 0, 1, 0, 0, 1, 0], total_cost=2)
PathInfo(nodes=[1, 10, 21, 52, 46, 65, 18, 22, 62, 63, 77, 78, 0], edges=[0, 0, 0, 0, 0, 0, 0, 0, 1, 0, 1, 1], costs=[0, 0, 0, 0, 0, 0, 0, 0, 1, 0, 1, 1], total_cost=3)
PathInfo(nodes=[1, 10, 20, 40, 0], edges=[0, 0, 0, 0], costs=[0, 0, 0, 0], total_cost=0)
PathInfo(nodes=[1, 10, 19, 28, 37, 46, 55, 64, 73, 74, 75, 76, 77, 78, 79, 80, 0], edges=[0, 0, 0, 0, 0, 0, 0, 0, 1, 1, 1, 1, 1, 1, 1, 1], costs=[0, 0, 0, 0, 0, 0, 0, 0, 1, 1, 1, 1, 1, 1, 1, 1], total_cost=8)
PathInfo(nodes=[1, 10, 18, 16, 78, 79, 80, 81, 0], edges=[0, 0, 0, 0, 1, 1, 1, 1], costs=[0, 0, 0, 0, 1, 1, 1, 1], total_cost=4)
PathInfo(nodes=[1, 10, 17, 4, 40, 68, 16, 77, 23, 64, 59, 9, 7, 70, 36, 28, 31, 61, 29, 41, 78, 33, 81, 82, 0], edges=[0, 0, 0, 0, 0, 0, 0, 0, 0, 0, 0, 0, 0, 0, 0, 0, 0, 0, 0, 0, 0, 0, 1, 1], costs=[0, 0, 0, 0, 0, 0, 0, 0, 0, 0, 0, 0, 0, 0, 0, 0, 0, 0, 0, 0, 0, 0, 1, 1], total_cost=2)
PathInfo(nodes=[1, 10, 16, 76, 4, 40, 41, 42, 0], edges=[0, 0, 0, 0, 0, 1, 1, 0], costs=[0, 0, 0, 0, 0, 1, 1, 0], total_cost=2)
PathInfo(nodes=[1, 10, 15, 65, 55, 40, 60, 5, 50, 51, 0], edges=[0, 0, 0, 0, 0, 0, 0, 0, 1, 0], costs=[0, 0, 0, 0, 0, 0, 0, 0, 1, 0], total_cost=1)
PathInfo(nodes=[1, 10, 14, 54, 24, 68, 78, 6, 60, 84, 85, 0], edges=[0, 0, 0, 0, 0, 0, 0, 0, 0, 1, 1], costs=[0, 0, 0, 0, 0, 0, 0, 0, 0, 1, 1], total_cost=2)
PathInfo(nodes=[1, 10, 13, 43, 82, 37, 22, 46, 25, 76, 64, 31, 49, 55, 28, 19, 16, 73, 34, 79, 7, 70, 4, 40, 52, 85, 86, 0], edges=[0, 0, 0, 0, 0, 0, 0, 0, 0, 0, 0, 0, 0, 0, 0, 0, 0, 0, 0, 0, 0, 0, 0, 0, 0, 1, 1], costs=[0, 0, 0, 0, 0, 0, 0, 0, 0, 0, 0, 0, 0, 0, 0, 0, 0, 0, 0, 0, 0, 0, 0, 0, 0, 1, 1], total_cost=2)
PathInfo(nodes=[1, 10, 11, 22, 44, 0], edges=[0, 1, 0, 0, 0], costs=[0, 1, 0, 0, 0], total_cost=1)
PathInfo(nodes=[1, 10, 11, 21, 32, 53, 85, 49, 45, 5, 50, 55, 16, 71, 87, 69, 67, 47, 25, 72, 8, 80, 88, 0], edges=[0, 0, 0, 0, 0, 0, 0, 0, 0, 0, 0, 0, 0, 0, 0, 0, 0, 0, 0, 0, 0, 0, 1], costs=[0, 0, 0, 0, 0, 0, 0, 0, 0, 0, 0, 0, 0, 0, 0, 0, 0, 0, 0, 0, 0, 0, 1], total_cost=1)
PathInfo(nodes=[1, 2, 3, 4, 5, 6, 7, 8, 9, 0], edges=[1, 1, 1, 1, 1, 1, 1, 1, 0], costs=[1, 1, 1, 1, 1, 1, 1, 1, 0], total_cost=8)
PathInfo(nodes=[1, 10, 9, 90, 0], edges=[0, 0, 0, 1], costs=[0, 0, 0, 1], total_cost=1)
PathInfo(nodes=[1, 10, 8, 80, 64, 88, 52, 60, 48, 20, 16, 68, 69, 46, 0], edges=[0, 0, 0, 0, 0, 0, 0, 0, 0, 0, 0, 1, 0, 0], costs=[0, 0, 0, 0, 0, 0, 0, 0, 0, 0, 0, 1, 0, 0], total_cost=1)
PathInfo(nodes=[1, 10, 7, 70, 49, 25, 64, 65, 92, 0], edges=[0, 0, 0, 0, 0, 0, 1, 0, 1], costs=[0, 0, 0, 0, 0, 0, 1, 0, 1], total_cost=2)
PathInfo(nodes=[1, 10, 6, 60, 36, 78, 28, 92, 74, 82, 68, 22, 32, 38, 4, 40, 24, 52, 50, 30, 18, 86, 14, 46, 47, 0], edges=[0, 0, 0, 0, 0, 0, 0, 0, 0, 0, 0, 0, 0, 0, 0, 0, 0, 0, 0, 0, 0, 0, 0, 1, 0], costs=[0, 0, 0, 0, 0, 0, 0, 0, 0, 0, 0, 0, 0, 0, 0, 0, 0, 0, 0, 0, 0, 0, 0, 1, 0], total_cost=1)
PathInfo(nodes=[1, 10, 5, 50, 25, 60, 30, 15, 55, 75, 76, 0], edges=[0, 0, 0, 0, 0, 0, 0, 0, 0, 1, 0], costs=[0, 0, 0, 0, 0, 0, 0, 0, 0, 1, 0], total_cost=1)
PathInfo(nodes=[1, 10, 11, 12, 24, 48, 0], edges=[0, 1, 1, 0, 0, 0], costs=[0, 1, 1, 0, 0, 0], total_cost=2)
PathInfo(nodes=[1, 10, 3, 30, 9, 90, 27, 76, 81, 34, 49, 5, 50, 15, 53, 45, 62, 38, 89, 17, 73, 51, 25, 56, 75, 71, 31, 19, 93, 57, 85, 74, 61, 28, 86, 84, 64, 58, 95, 77, 91, 37, 79, 14, 43, 42, 32, 29, 96, 0], edges=[0, 0, 0, 0, 0, 0, 0, 0, 0, 0, 0, 0, 0, 0, 0, 0, 0, 0, 0, 0, 0, 0, 0, 0, 0, 0, 0, 0, 0, 0, 0, 0, 0, 0, 0, 0, 0, 0, 0, 0, 0, 0, 0, 0, 0, 0, 0, 0, 1], costs=[0, 0, 0, 0, 0, 0, 0, 0, 0, 0, 0, 0, 0, 0, 0, 0, 0, 0, 0, 0, 0, 0, 0, 0, 0, 0, 0, 0, 0, 0, 0, 0, 0, 0, 0, 0, 0, 0, 0, 0, 0, 0, 0, 0, 0, 0, 0, 0, 1], total_cost=1)
PathInfo(nodes=[1, 10, 2, 20, 4, 40, 8, 80, 16, 62, 32, 26, 64, 52, 30, 6, 60, 12, 22, 24, 44, 48, 49, 0], edges=[0, 0, 0, 0, 0, 0, 0, 0, 0, 0, 0, 0, 0, 0, 0, 0, 0, 0, 0, 0, 0, 1, 0], costs=[0, 0, 0, 0, 0, 0, 0, 0, 0, 0, 0, 0, 0, 0, 0, 0, 0, 0, 0, 0, 0, 1, 0], total_cost=1)
PathInfo(nodes=[1, 2, 3, 4, 5, 6, 7, 8, 9, 90, 91, 92, 93, 94, 95, 96, 97, 98, 0], edges=[1, 1, 1, 1, 1, 1, 1, 1, 0, 1, 1, 1, 1, 1, 1, 1, 1, 1], costs=[1, 1, 1, 1, 1, 1, 1, 1, 0, 1, 1, 1, 1, 1, 1, 1, 1, 1], total_cost=17)
PathInfo(nodes=[1, 10, 0], edges=[0, 0], costs=[0, 0], total_cost=0)
