1
5
1
25
2
2
143
125
1
1
1
1
77
715
2
625
5882353
1
52631579
5
4762
5
4347826087
5
4
385
4
3575
3448275862069
1
322581
3125
1
29411765
286
3
3
263157895
259
25
244
2381
23255814
25
1
21739130435
2127659574468085106383
25
20408163265306122449
2
2
1925
1887
2
2
17875
1754386
17241379310345
1694915254237288135593220339
2
16393442622950819672131147541
1612905
16
15625
154
2
149253731343283582089552238806
147058825
144927536231884058
143
141
14
137
15
4
1315789475
13
1295
12658228
125
1234568
122
120481927710843373494
11905
11764706
11627907
114942528735632183908046
125
112359550561797752809
1
11
108695652175
107527
10638297872340425531915
105263158
125
10309278350515463917525773195876288659793814433
102040816326530612245
1
1
